<?xml version="1.0" encoding="UTF-8"?>
<testsuite xmlns:xsi="http://www.w3.org/2001/XMLSchema-instance" xsi:noNamespaceSchemaLocation="https://maven.apache.org/surefire/maven-surefire-plugin/xsd/surefire-test-report-3.0.xsd" version="3.0" name="flightapp.FlightServiceTest" time="51.04" tests="4" errors="0" skipped="0" failures="0">
  <properties>
    <property name="java.specification.version" value="17"/>
    <property name="test.cases" value="cases/transaction/book"/>
    <property name="sun.jnu.encoding" value="UTF-8"/>
    <property name="java.class.path" value="/homes/iws/keipett/.m2/repository/org/apache/maven/surefire/surefire-booter/3.0.0-M5/surefire-booter-3.0.0-M5.jar:/homes/iws/keipett/.m2/repository/org/apache/maven/surefire/surefire-api/3.0.0-M5/surefire-api-3.0.0-M5.jar:/homes/iws/keipett/.m2/repository/org/apache/maven/surefire/surefire-logger-api/3.0.0-M5/surefire-logger-api-3.0.0-M5.jar:/homes/iws/keipett/.m2/repository/org/apache/maven/surefire/surefire-shared-utils/3.0.0-M4/surefire-shared-utils-3.0.0-M4.jar:/homes/iws/keipett/.m2/repository/org/apache/maven/surefire/surefire-extensions-spi/3.0.0-M5/surefire-extensions-spi-3.0.0-M5.jar:/homes/iws/keipett/cse344/hw6/project/target/test-classes:/homes/iws/keipett/cse344/hw6/project/target/classes:/homes/iws/keipett/.m2/repository/junit/junit/4.13/junit-4.13.jar:/homes/iws/keipett/.m2/repository/org/hamcrest/hamcrest-core/1.3/hamcrest-core-1.3.jar:/homes/iws/keipett/.m2/repository/com/microsoft/sqlserver/mssql-jdbc/9.2.1.jre11/mssql-jdbc-9.2.1.jre11.jar:/homes/iws/keipett/.m2/repository/org/mybatis/mybatis/3.5.7/mybatis-3.5.7.jar:/homes/iws/keipett/.m2/repository/commons-io/commons-io/2.8.0/commons-io-2.8.0.jar:/homes/iws/keipett/cse344/hw6/project/distributed.jar:/homes/iws/keipett/.m2/repository/org/apache/maven/surefire/surefire-junit4/3.0.0-M5/surefire-junit4-3.0.0-M5.jar:/homes/iws/keipett/.m2/repository/org/apache/maven/surefire/common-java5/3.0.0-M5/common-java5-3.0.0-M5.jar:/homes/iws/keipett/.m2/repository/org/apache/maven/surefire/common-junit3/3.0.0-M5/common-junit3-3.0.0-M5.jar:/homes/iws/keipett/.m2/repository/org/apache/maven/surefire/common-junit4/3.0.0-M5/common-junit4-3.0.0-M5.jar"/>
    <property name="java.vm.vendor" value="Red Hat, Inc."/>
    <property name="sun.arch.data.model" value="64"/>
    <property name="java.vendor.url" value="https://www.redhat.com/"/>
    <property name="os.name" value="Linux"/>
    <property name="java.vm.specification.version" value="17"/>
    <property name="sun.java.launcher" value="SUN_STANDARD"/>
    <property name="user.country" value="US"/>
    <property name="sun.boot.library.path" value="/usr/lib/jvm/java-17-openjdk-17.0.11.0.9-2.el9.x86_64/lib"/>
    <property name="sun.java.command" value="org.apache.maven.surefire.booter.ForkedBooter /homes/iws/keipett/cse344/hw6/project/target/surefire 2024-05-29T20-06-30_272-jvmRun1 surefire4532084611641691783tmp surefire_014737600282826212862tmp"/>
    <property name="jdk.debug" value="release"/>
    <property name="surefire.test.class.path" value="/homes/iws/keipett/cse344/hw6/project/target/test-classes:/homes/iws/keipett/cse344/hw6/project/target/classes:/homes/iws/keipett/.m2/repository/junit/junit/4.13/junit-4.13.jar:/homes/iws/keipett/.m2/repository/org/hamcrest/hamcrest-core/1.3/hamcrest-core-1.3.jar:/homes/iws/keipett/.m2/repository/com/microsoft/sqlserver/mssql-jdbc/9.2.1.jre11/mssql-jdbc-9.2.1.jre11.jar:/homes/iws/keipett/.m2/repository/org/mybatis/mybatis/3.5.7/mybatis-3.5.7.jar:/homes/iws/keipett/.m2/repository/commons-io/commons-io/2.8.0/commons-io-2.8.0.jar:/homes/iws/keipett/cse344/hw6/project/distributed.jar:"/>
    <property name="sun.cpu.endian" value="little"/>
    <property name="user.home" value="/homes/iws/keipett"/>
    <property name="user.language" value="en"/>
    <property name="java.specification.vendor" value="Oracle Corporation"/>
    <property name="java.version.date" value="2024-04-16"/>
    <property name="java.home" value="/usr/lib/jvm/java-17-openjdk-17.0.11.0.9-2.el9.x86_64"/>
    <property name="file.separator" value="/"/>
    <property name="basedir" value="/homes/iws/keipett/cse344/hw6/project"/>
    <property name="java.vm.compressedOopsMode" value="Zero based"/>
    <property name="line.separator" value="&#10;"/>
    <property name="java.vm.specification.vendor" value="Oracle Corporation"/>
    <property name="java.specification.name" value="Java Platform API Specification"/>
    <property name="sun.management.compiler" value="HotSpot 64-Bit Tiered Compilers"/>
    <property name="java.runtime.version" value="17.0.11+9-LTS"/>
    <property name="user.name" value="keipett"/>
    <property name="path.separator" value=":"/>
    <property name="os.version" value="5.14.0-362.24.1.el9_3.x86_64"/>
    <property name="java.runtime.name" value="OpenJDK Runtime Environment"/>
    <property name="file.encoding" value="UTF-8"/>
    <property name="java.vm.name" value="OpenJDK 64-Bit Server VM"/>
    <property name="java.vendor.version" value="(Red_Hat-17.0.11.0.9-3)"/>
    <property name="localRepository" value="/homes/iws/keipett/.m2/repository"/>
    <property name="java.vendor.url.bug" value="https://access.redhat.com/support/cases/"/>
    <property name="java.io.tmpdir" value="/tmp"/>
    <property name="java.version" value="17.0.11"/>
    <property name="user.dir" value="/homes/iws/keipett/cse344/hw6/project"/>
    <property name="os.arch" value="amd64"/>
    <property name="java.vm.specification.name" value="Java Virtual Machine Specification"/>
    <property name="native.encoding" value="UTF-8"/>
    <property name="java.library.path" value="/usr/java/packages/lib:/usr/lib64:/lib64:/lib:/usr/lib"/>
    <property name="java.vm.info" value="mixed mode, sharing"/>
    <property name="java.vendor" value="Red Hat, Inc."/>
    <property name="java.vm.version" value="17.0.11+9-LTS"/>
    <property name="sun.io.unicode.encoding" value="UnicodeLittle"/>
    <property name="java.class.version" value="61.0"/>
  </properties>
  <testcase name="runTest[0]" classname="flightapp.FlightServiceTest" time="22.141">
    <system-out><![CDATA[Running test setup...
... using dbconn.properties for test credentials
... resetting database (ie, dropping all tables with suffix: keipett)
... running createTables.sql

Starting tests
Running test file: /homes/iws/keipett/cse344/hw6/project/cases/transaction/book/book_2Users1FlightNoCapacity.test.txt
]]></system-out>
  </testcase>
  <testcase name="runTest[1]" classname="flightapp.FlightServiceTest" time="10.175">
    <system-out><![CDATA[Running test file: /homes/iws/keipett/cse344/hw6/project/cases/transaction/book/book_1User1FlightTwice.test.txt
]]></system-out>
  </testcase>
  <testcase name="runTest[2]" classname="flightapp.FlightServiceTest" time="8.561">
    <system-out><![CDATA[Running test file: /homes/iws/keipett/cse344/hw6/project/cases/transaction/book/book_2Users2Flights.test.txt
]]></system-out>
  </testcase>
  <testcase name="runTest[3]" classname="flightapp.FlightServiceTest" time="8.143">
    <system-out><![CDATA[Running test file: /homes/iws/keipett/cse344/hw6/project/cases/transaction/book/book_withoutSearch.test.txt
]]></system-out>
  </testcase>
</testsuite>